{"/Users/mac/Desktop/dashboard-api/src/app.ts": {"path":"/Users/mac/Desktop/dashboard-api/src/app.ts","statementMap":{"0":{"start":{"line":1,"column":0},"end":{"line":1,"column":43}},"1":{"start":{"line":3,"column":0},"end":{"line":3,"column":58}},"2":{"start":{"line":5,"column":0},"end":{"line":5,"column":47}},"3":{"start":{"line":6,"column":0},"end":{"line":6,"column":32}},"4":{"start":{"line":7,"column":0},"end":{"line":7,"column":35}},"5":{"start":{"line":8,"column":0},"end":{"line":8,"column":26}},"6":{"start":{"line":11,"column":0},"end":{"line":11,"column":58}},"7":{"start":{"line":12,"column":0},"end":{"line":12,"column":58}},"8":{"start":{"line":15,"column":0},"end":{"line":59,"column":null}},"9":{"start":{"line":22,"column":33},"end":{"line":22,"column":48}},"10":{"start":{"line":23,"column":40},"end":{"line":23,"column":56}},"11":{"start":{"line":24,"column":41},"end":{"line":24,"column":74}},"12":{"start":{"line":25,"column":39},"end":{"line":25,"column":68}},"13":{"start":{"line":26,"column":39},"end":{"line":26,"column":54}},"14":{"start":{"line":28,"column":2},"end":{"line":28,"column":23}},"15":{"start":{"line":29,"column":2},"end":{"line":29,"column":19}},"16":{"start":{"line":33,"column":2},"end":{"line":33,"column":23}},"17":{"start":{"line":34,"column":25},"end":{"line":34,"column":77}},"18":{"start":{"line":35,"column":2},"end":{"line":35,"column":57}},"19":{"start":{"line":39,"column":2},"end":{"line":39,"column":53}},"20":{"start":{"line":43,"column":2},"end":{"line":43,"column":70}},"21":{"start":{"line":44,"column":2},"end":{"line":44,"column":47}},"22":{"start":{"line":48,"column":2},"end":{"line":48,"column":24}},"23":{"start":{"line":49,"column":2},"end":{"line":49,"column":19}},"24":{"start":{"line":50,"column":2},"end":{"line":50,"column":29}},"25":{"start":{"line":51,"column":2},"end":{"line":51,"column":37}},"26":{"start":{"line":52,"column":2},"end":{"line":52,"column":43}},"27":{"start":{"line":53,"column":2},"end":{"line":53,"column":74}},"28":{"start":{"line":57,"column":2},"end":{"line":57,"column":22}},"29":{"start":{"line":16,"column":6},"end":{"line":59,"column":null}},"30":{"start":{"line":61,"column":9},"end":{"line":61,"column":12}}},"fnMap":{"0":{"name":"(anonymous_12)","decl":{"start":{"line":21,"column":1},"end":{"line":21,"column":null}},"loc":{"start":{"line":26,"column":67},"end":{"line":30,"column":2}}},"1":{"name":"(anonymous_13)","decl":{"start":{"line":32,"column":1},"end":{"line":32,"column":15}},"loc":{"start":{"line":32,"column":15},"end":{"line":36,"column":2}}},"2":{"name":"(anonymous_14)","decl":{"start":{"line":38,"column":1},"end":{"line":38,"column":10}},"loc":{"start":{"line":38,"column":10},"end":{"line":40,"column":2}}},"3":{"name":"(anonymous_15)","decl":{"start":{"line":42,"column":1},"end":{"line":42,"column":20}},"loc":{"start":{"line":42,"column":20},"end":{"line":45,"column":2}}},"4":{"name":"(anonymous_16)","decl":{"start":{"line":47,"column":14},"end":{"line":47,"column":18}},"loc":{"start":{"line":47,"column":18},"end":{"line":54,"column":null}}},"5":{"name":"(anonymous_18)","decl":{"start":{"line":56,"column":8},"end":{"line":56,"column":13}},"loc":{"start":{"line":56,"column":13},"end":{"line":58,"column":2}}}},"branchMap":{},"s":{"0":1,"1":1,"2":1,"3":1,"4":1,"5":1,"6":1,"7":1,"8":1,"9":1,"10":1,"11":1,"12":1,"13":1,"14":1,"15":1,"16":1,"17":1,"18":1,"19":1,"20":1,"21":1,"22":1,"23":1,"24":1,"25":1,"26":1,"27":1,"28":1,"29":1,"30":1},"f":{"0":1,"1":1,"2":1,"3":1,"4":1,"5":1},"b":{}}
,"/Users/mac/Desktop/dashboard-api/src/main.ts": {"path":"/Users/mac/Desktop/dashboard-api/src/main.ts","statementMap":{"0":{"start":{"line":1,"column":0},"end":{"line":1,"column":28}},"1":{"start":{"line":2,"column":0},"end":{"line":2,"column":56}},"2":{"start":{"line":3,"column":0},"end":{"line":3,"column":58}},"3":{"start":{"line":4,"column":0},"end":{"line":4,"column":60}},"4":{"start":{"line":5,"column":0},"end":{"line":5,"column":67}},"5":{"start":{"line":9,"column":0},"end":{"line":9,"column":32}},"6":{"start":{"line":10,"column":0},"end":{"line":10,"column":26}},"7":{"start":{"line":12,"column":0},"end":{"line":12,"column":52}},"8":{"start":{"line":14,"column":0},"end":{"line":14,"column":56}},"9":{"start":{"line":15,"column":0},"end":{"line":15,"column":58}},"10":{"start":{"line":17,"column":0},"end":{"line":17,"column":59}},"11":{"start":{"line":25,"column":20},"end":{"line":34,"column":2}},"12":{"start":{"line":26,"column":1},"end":{"line":26,"column":67}},"13":{"start":{"line":27,"column":1},"end":{"line":27,"column":86}},"14":{"start":{"line":28,"column":1},"end":{"line":28,"column":83}},"15":{"start":{"line":29,"column":1},"end":{"line":29,"column":74}},"16":{"start":{"line":30,"column":1},"end":{"line":30,"column":80}},"17":{"start":{"line":31,"column":1},"end":{"line":31,"column":79}},"18":{"start":{"line":32,"column":1},"end":{"line":32,"column":86}},"19":{"start":{"line":33,"column":1},"end":{"line":33,"column":57}},"20":{"start":{"line":37,"column":22},"end":{"line":37,"column":37}},"21":{"start":{"line":38,"column":1},"end":{"line":38,"column":32}},"22":{"start":{"line":39,"column":13},"end":{"line":39,"column":53}},"23":{"start":{"line":40,"column":1},"end":{"line":40,"column":18}},"24":{"start":{"line":41,"column":1},"end":{"line":41,"column":30}},"25":{"start":{"line":44,"column":13},"end":{"line":44,"column":43}}},"fnMap":{"0":{"name":"(anonymous_7)","decl":{"start":{"line":25,"column":40},"end":{"line":25,"column":41}},"loc":{"start":{"line":25,"column":66},"end":{"line":34,"column":1}}},"1":{"name":"bootstrap","decl":{"start":{"line":36,"column":15},"end":{"line":36,"column":24}},"loc":{"start":{"line":36,"column":24},"end":{"line":42,"column":null}}}},"branchMap":{},"s":{"0":1,"1":1,"2":1,"3":1,"4":1,"5":1,"6":1,"7":1,"8":1,"9":1,"10":1,"11":1,"12":1,"13":1,"14":1,"15":1,"16":1,"17":1,"18":1,"19":1,"20":1,"21":1,"22":1,"23":1,"24":1,"25":1},"f":{"0":1,"1":1},"b":{}}
,"/Users/mac/Desktop/dashboard-api/src/types.ts": {"path":"/Users/mac/Desktop/dashboard-api/src/types.ts","statementMap":{"0":{"start":{"line":1,"column":14},"end":{"line":10,"column":2}},"1":{"start":{"line":12,"column":9},"end":{"line":12,"column":14}}},"fnMap":{},"branchMap":{},"s":{"0":1,"1":1},"f":{},"b":{}}
,"/Users/mac/Desktop/dashboard-api/src/common/auth.guard.ts": {"path":"/Users/mac/Desktop/dashboard-api/src/common/auth.guard.ts","statementMap":{"0":{"start":{"line":1,"column":0},"end":{"line":1,"column":55}},"1":{"start":{"line":7,"column":2},"end":{"line":11,"column":null}},"2":{"start":{"line":8,"column":3},"end":{"line":8,"column":10}},"3":{"start":{"line":10,"column":3},"end":{"line":10,"column":63}},"4":{"start":{"line":15,"column":9},"end":{"line":15,"column":28}}},"fnMap":{"0":{"name":"(anonymous_0)","decl":{"start":{"line":6,"column":1},"end":{"line":6,"column":5}},"loc":{"start":{"line":6,"column":58},"end":{"line":12,"column":2}}}},"branchMap":{"0":{"loc":{"start":{"line":7,"column":2},"end":{"line":11,"column":null}},"type":"if","locations":[{"start":{"line":7,"column":2},"end":{"line":11,"column":null}},{"start":{"line":9,"column":9},"end":{"line":11,"column":null}}]}},"s":{"0":1,"1":2,"2":1,"3":1,"4":1},"f":{"0":2},"b":{"0":[1,1]}}
,"/Users/mac/Desktop/dashboard-api/src/common/auth.middleware.ts": {"path":"/Users/mac/Desktop/dashboard-api/src/common/auth.middleware.ts","statementMap":{"0":{"start":{"line":3,"column":0},"end":{"line":3,"column":38}},"1":{"start":{"line":6,"column":21},"end":{"line":6,"column":35}},"2":{"start":{"line":9,"column":2},"end":{"line":22,"column":null}},"3":{"start":{"line":10,"column":3},"end":{"line":19,"column":6}},"4":{"start":{"line":11,"column":4},"end":{"line":18,"column":null}},"5":{"start":{"line":12,"column":5},"end":{"line":12,"column":12}},"6":{"start":{"line":13,"column":11},"end":{"line":18,"column":null}},"7":{"start":{"line":14,"column":5},"end":{"line":17,"column":null}},"8":{"start":{"line":15,"column":6},"end":{"line":15,"column":35}},"9":{"start":{"line":16,"column":6},"end":{"line":16,"column":13}},"10":{"start":{"line":21,"column":3},"end":{"line":21,"column":10}},"11":{"start":{"line":26,"column":9},"end":{"line":26,"column":23}}},"fnMap":{"0":{"name":"(anonymous_0)","decl":{"start":{"line":6,"column":1},"end":{"line":6,"column":21}},"loc":{"start":{"line":6,"column":35},"end":{"line":6,"column":39}}},"1":{"name":"(anonymous_1)","decl":{"start":{"line":8,"column":1},"end":{"line":8,"column":5}},"loc":{"start":{"line":8,"column":53},"end":{"line":23,"column":2}}},"2":{"name":"(anonymous_2)","decl":{"start":{"line":10,"column":64},"end":{"line":10,"column":65}},"loc":{"start":{"line":10,"column":81},"end":{"line":19,"column":4}}}},"branchMap":{"0":{"loc":{"start":{"line":9,"column":2},"end":{"line":22,"column":null}},"type":"if","locations":[{"start":{"line":9,"column":2},"end":{"line":22,"column":null}},{"start":{"line":20,"column":9},"end":{"line":22,"column":null}}]},"1":{"loc":{"start":{"line":11,"column":4},"end":{"line":18,"column":null}},"type":"if","locations":[{"start":{"line":11,"column":4},"end":{"line":18,"column":null}},{"start":{"line":13,"column":11},"end":{"line":18,"column":null}}]},"2":{"loc":{"start":{"line":13,"column":11},"end":{"line":18,"column":null}},"type":"if","locations":[{"start":{"line":13,"column":11},"end":{"line":18,"column":null}}]},"3":{"loc":{"start":{"line":14,"column":5},"end":{"line":17,"column":null}},"type":"if","locations":[{"start":{"line":14,"column":5},"end":{"line":17,"column":null}}]}},"s":{"0":1,"1":1,"2":7,"3":2,"4":2,"5":1,"6":1,"7":1,"8":1,"9":1,"10":5,"11":1},"f":{"0":1,"1":7,"2":2},"b":{"0":[2,5],"1":[1,1],"2":[1],"3":[1]}}
,"/Users/mac/Desktop/dashboard-api/src/common/base.controller.ts": {"path":"/Users/mac/Desktop/dashboard-api/src/common/base.controller.ts","statementMap":{"0":{"start":{"line":1,"column":0},"end":{"line":1,"column":43}},"1":{"start":{"line":4,"column":0},"end":{"line":4,"column":39}},"2":{"start":{"line":5,"column":0},"end":{"line":5,"column":26}},"3":{"start":{"line":7,"column":0},"end":{"line":41,"column":null}},"4":{"start":{"line":11,"column":21},"end":{"line":11,"column":36}},"5":{"start":{"line":12,"column":2},"end":{"line":12,"column":26}},"6":{"start":{"line":16,"column":2},"end":{"line":16,"column":22}},"7":{"start":{"line":20,"column":2},"end":{"line":20,"column":31}},"8":{"start":{"line":21,"column":2},"end":{"line":21,"column":40}},"9":{"start":{"line":25,"column":2},"end":{"line":25,"column":41}},"10":{"start":{"line":29,"column":2},"end":{"line":29,"column":29}},"11":{"start":{"line":33,"column":2},"end":{"line":39,"column":null}},"12":{"start":{"line":34,"column":3},"end":{"line":34,"column":90}},"13":{"start":{"line":35,"column":23},"end":{"line":35,"column":68}},"14":{"start":{"line":35,"column":53},"end":{"line":35,"column":67}},"15":{"start":{"line":36,"column":19},"end":{"line":36,"column":40}},"16":{"start":{"line":37,"column":20},"end":{"line":37,"column":69}},"17":{"start":{"line":38,"column":3},"end":{"line":38,"column":51}},"18":{"start":{"line":8,"column":15},"end":{"line":41,"column":null}},"19":{"start":{"line":43,"column":9},"end":{"line":43,"column":23}}},"fnMap":{"0":{"name":"(anonymous_2)","decl":{"start":{"line":11,"column":1},"end":{"line":11,"column":21}},"loc":{"start":{"line":11,"column":36},"end":{"line":13,"column":2}}},"1":{"name":"(anonymous_3)","decl":{"start":{"line":15,"column":1},"end":{"line":15,"column":5}},"loc":{"start":{"line":15,"column":11},"end":{"line":17,"column":2}}},"2":{"name":"(anonymous_4)","decl":{"start":{"line":19,"column":8},"end":{"line":19,"column":12}},"loc":{"start":{"line":19,"column":55},"end":{"line":22,"column":2}}},"3":{"name":"(anonymous_5)","decl":{"start":{"line":24,"column":8},"end":{"line":24,"column":10}},"loc":{"start":{"line":24,"column":39},"end":{"line":26,"column":2}}},"4":{"name":"(anonymous_6)","decl":{"start":{"line":28,"column":8},"end":{"line":28,"column":15}},"loc":{"start":{"line":28,"column":29},"end":{"line":30,"column":2}}},"5":{"name":"(anonymous_7)","decl":{"start":{"line":32,"column":11},"end":{"line":32,"column":21}},"loc":{"start":{"line":32,"column":48},"end":{"line":40,"column":2}}},"6":{"name":"(anonymous_8)","decl":{"start":{"line":35,"column":46},"end":{"line":35,"column":47}},"loc":{"start":{"line":35,"column":53},"end":{"line":35,"column":67}}}},"branchMap":{"0":{"loc":{"start":{"line":35,"column":23},"end":{"line":35,"column":68}},"type":"cond-expr","locations":[{"start":{"line":35,"column":40},"end":{"line":35,"column":42}},{"start":{"line":35,"column":40},"end":{"line":35,"column":68}}]},"1":{"loc":{"start":{"line":35,"column":23},"end":{"line":35,"column":42}},"type":"binary-expr","locations":[{"start":{"line":35,"column":23},"end":{"line":35,"column":42}},{"start":{"line":35,"column":40},"end":{"line":35,"column":42}}]},"2":{"loc":{"start":{"line":37,"column":20},"end":{"line":37,"column":69}},"type":"cond-expr","locations":[{"start":{"line":37,"column":34},"end":{"line":37,"column":59}},{"start":{"line":37,"column":62},"end":{"line":37,"column":69}}]}},"s":{"0":1,"1":1,"2":1,"3":1,"4":1,"5":1,"6":4,"7":3,"8":3,"9":3,"10":0,"11":1,"12":3,"13":3,"14":3,"15":3,"16":3,"17":3,"18":1,"19":1},"f":{"0":1,"1":4,"2":3,"3":3,"4":0,"5":1,"6":3},"b":{"0":[0,3],"1":[3,3],"2":[3,0]}}
,"/Users/mac/Desktop/dashboard-api/src/common/validate.middleware.ts": {"path":"/Users/mac/Desktop/dashboard-api/src/common/validate.middleware.ts","statementMap":{"0":{"start":{"line":3,"column":0},"end":{"line":3,"column":67}},"1":{"start":{"line":4,"column":0},"end":{"line":4,"column":43}},"2":{"start":{"line":7,"column":21},"end":{"line":7,"column":62}},"3":{"start":{"line":10,"column":19},"end":{"line":10,"column":63}},"4":{"start":{"line":11,"column":2},"end":{"line":17,"column":5}},"5":{"start":{"line":12,"column":3},"end":{"line":16,"column":null}},"6":{"start":{"line":13,"column":4},"end":{"line":13,"column":33}},"7":{"start":{"line":15,"column":4},"end":{"line":15,"column":11}},"8":{"start":{"line":21,"column":9},"end":{"line":21,"column":27}}},"fnMap":{"0":{"name":"(anonymous_0)","decl":{"start":{"line":7,"column":1},"end":{"line":7,"column":21}},"loc":{"start":{"line":7,"column":62},"end":{"line":7,"column":66}}},"1":{"name":"(anonymous_1)","decl":{"start":{"line":9,"column":1},"end":{"line":9,"column":5}},"loc":{"start":{"line":9,"column":53},"end":{"line":18,"column":2}}},"2":{"name":"(anonymous_2)","decl":{"start":{"line":11,"column":26},"end":{"line":11,"column":27}},"loc":{"start":{"line":11,"column":37},"end":{"line":17,"column":3}}}},"branchMap":{"0":{"loc":{"start":{"line":12,"column":3},"end":{"line":16,"column":null}},"type":"if","locations":[{"start":{"line":12,"column":3},"end":{"line":16,"column":null}},{"start":{"line":14,"column":10},"end":{"line":16,"column":null}}]}},"s":{"0":1,"1":1,"2":2,"3":5,"4":5,"5":5,"6":0,"7":5,"8":1},"f":{"0":2,"1":5,"2":5},"b":{"0":[0,5]}}
,"/Users/mac/Desktop/dashboard-api/src/config/config.service.ts": {"path":"/Users/mac/Desktop/dashboard-api/src/config/config.service.ts","statementMap":{"0":{"start":{"line":1,"column":0},"end":{"line":1,"column":47}},"1":{"start":{"line":3,"column":0},"end":{"line":3,"column":33}},"2":{"start":{"line":4,"column":0},"end":{"line":4,"column":71}},"3":{"start":{"line":7,"column":0},"end":{"line":23,"column":null}},"4":{"start":{"line":10,"column":44},"end":{"line":10,"column":59}},"5":{"start":{"line":11,"column":37},"end":{"line":11,"column":45}},"6":{"start":{"line":12,"column":2},"end":{"line":17,"column":null}},"7":{"start":{"line":13,"column":3},"end":{"line":13,"column":89}},"8":{"start":{"line":15,"column":3},"end":{"line":15,"column":70}},"9":{"start":{"line":16,"column":3},"end":{"line":16,"column":55}},"10":{"start":{"line":21,"column":2},"end":{"line":21,"column":29}},"11":{"start":{"line":8,"column":6},"end":{"line":23,"column":null}},"12":{"start":{"line":25,"column":9},"end":{"line":25,"column":22}}},"fnMap":{"0":{"name":"(anonymous_4)","decl":{"start":{"line":10,"column":1},"end":{"line":10,"column":14}},"loc":{"start":{"line":10,"column":59},"end":{"line":18,"column":2}}},"1":{"name":"(anonymous_5)","decl":{"start":{"line":20,"column":1},"end":{"line":20,"column":4}},"loc":{"start":{"line":20,"column":16},"end":{"line":22,"column":2}}}},"branchMap":{"0":{"loc":{"start":{"line":12,"column":2},"end":{"line":17,"column":null}},"type":"if","locations":[{"start":{"line":12,"column":2},"end":{"line":17,"column":null}},{"start":{"line":14,"column":9},"end":{"line":17,"column":null}}]}},"s":{"0":1,"1":1,"2":1,"3":1,"4":1,"5":1,"6":1,"7":0,"8":1,"9":1,"10":4,"11":1,"12":1},"f":{"0":1,"1":4},"b":{"0":[0,1]}}
,"/Users/mac/Desktop/dashboard-api/src/database/prisma.service.ts": {"path":"/Users/mac/Desktop/dashboard-api/src/database/prisma.service.ts","statementMap":{"0":{"start":{"line":1,"column":0},"end":{"line":1,"column":57}},"1":{"start":{"line":2,"column":0},"end":{"line":2,"column":47}},"2":{"start":{"line":3,"column":0},"end":{"line":3,"column":33}},"3":{"start":{"line":6,"column":0},"end":{"line":28,"column":null}},"4":{"start":{"line":10,"column":44},"end":{"line":10,"column":59}},"5":{"start":{"line":11,"column":2},"end":{"line":11,"column":35}},"6":{"start":{"line":15,"column":2},"end":{"line":22,"column":null}},"7":{"start":{"line":16,"column":3},"end":{"line":16,"column":32}},"8":{"start":{"line":17,"column":3},"end":{"line":17,"column":56}},"9":{"start":{"line":19,"column":3},"end":{"line":21,"column":null}},"10":{"start":{"line":20,"column":4},"end":{"line":20,"column":79}},"11":{"start":{"line":26,"column":2},"end":{"line":26,"column":34}},"12":{"start":{"line":7,"column":6},"end":{"line":28,"column":null}},"13":{"start":{"line":30,"column":9},"end":{"line":30,"column":22}}},"fnMap":{"0":{"name":"(anonymous_11)","decl":{"start":{"line":10,"column":1},"end":{"line":10,"column":14}},"loc":{"start":{"line":10,"column":59},"end":{"line":12,"column":2}}},"1":{"name":"(anonymous_12)","decl":{"start":{"line":14,"column":7},"end":{"line":14,"column":14}},"loc":{"start":{"line":14,"column":14},"end":{"line":23,"column":null}}},"2":{"name":"(anonymous_14)","decl":{"start":{"line":25,"column":7},"end":{"line":25,"column":17}},"loc":{"start":{"line":25,"column":17},"end":{"line":27,"column":null}}}},"branchMap":{"0":{"loc":{"start":{"line":19,"column":3},"end":{"line":21,"column":null}},"type":"if","locations":[{"start":{"line":19,"column":3},"end":{"line":21,"column":null}}]}},"s":{"0":1,"1":1,"2":1,"3":1,"4":1,"5":1,"6":1,"7":1,"8":1,"9":0,"10":0,"11":0,"12":1,"13":1},"f":{"0":1,"1":1,"2":0},"b":{"0":[0]}}
,"/Users/mac/Desktop/dashboard-api/src/errors/exception.filter.ts": {"path":"/Users/mac/Desktop/dashboard-api/src/errors/exception.filter.ts","statementMap":{"0":{"start":{"line":3,"column":0},"end":{"line":3,"column":47}},"1":{"start":{"line":4,"column":0},"end":{"line":4,"column":47}},"2":{"start":{"line":6,"column":0},"end":{"line":6,"column":33}},"3":{"start":{"line":7,"column":0},"end":{"line":7,"column":26}},"4":{"start":{"line":9,"column":0},"end":{"line":22,"column":null}},"5":{"start":{"line":11,"column":44},"end":{"line":11,"column":59}},"6":{"start":{"line":14,"column":2},"end":{"line":20,"column":null}},"7":{"start":{"line":15,"column":3},"end":{"line":15,"column":81}},"8":{"start":{"line":16,"column":3},"end":{"line":16,"column":57}},"9":{"start":{"line":18,"column":3},"end":{"line":18,"column":39}},"10":{"start":{"line":19,"column":3},"end":{"line":19,"column":46}},"11":{"start":{"line":10,"column":6},"end":{"line":22,"column":null}},"12":{"start":{"line":24,"column":9},"end":{"line":24,"column":24}}},"fnMap":{"0":{"name":"(anonymous_4)","decl":{"start":{"line":11,"column":1},"end":{"line":11,"column":14}},"loc":{"start":{"line":11,"column":59},"end":{"line":11,"column":63}}},"1":{"name":"(anonymous_5)","decl":{"start":{"line":13,"column":1},"end":{"line":13,"column":6}},"loc":{"start":{"line":13,"column":78},"end":{"line":21,"column":2}}}},"branchMap":{"0":{"loc":{"start":{"line":14,"column":2},"end":{"line":20,"column":null}},"type":"if","locations":[{"start":{"line":14,"column":2},"end":{"line":20,"column":null}},{"start":{"line":17,"column":9},"end":{"line":20,"column":null}}]}},"s":{"0":1,"1":1,"2":1,"3":1,"4":1,"5":1,"6":4,"7":4,"8":4,"9":0,"10":0,"11":1,"12":1},"f":{"0":1,"1":4},"b":{"0":[4,0]}}
,"/Users/mac/Desktop/dashboard-api/src/errors/http-error.class.ts": {"path":"/Users/mac/Desktop/dashboard-api/src/errors/http-error.class.ts","statementMap":{"0":{"start":{"line":6,"column":2},"end":{"line":6,"column":17}},"1":{"start":{"line":7,"column":2},"end":{"line":7,"column":31}},"2":{"start":{"line":8,"column":2},"end":{"line":8,"column":25}},"3":{"start":{"line":9,"column":2},"end":{"line":9,"column":25}},"4":{"start":{"line":13,"column":9},"end":{"line":13,"column":18}}},"fnMap":{"0":{"name":"(anonymous_0)","decl":{"start":{"line":5,"column":1},"end":{"line":5,"column":13}},"loc":{"start":{"line":5,"column":66},"end":{"line":10,"column":2}}}},"branchMap":{},"s":{"0":4,"1":4,"2":4,"3":4,"4":1},"f":{"0":4},"b":{}}
,"/Users/mac/Desktop/dashboard-api/src/logger/logger.service.ts": {"path":"/Users/mac/Desktop/dashboard-api/src/logger/logger.service.ts","statementMap":{"0":{"start":{"line":1,"column":0},"end":{"line":1,"column":56}},"1":{"start":{"line":3,"column":0},"end":{"line":3,"column":39}},"2":{"start":{"line":4,"column":0},"end":{"line":4,"column":26}},"3":{"start":{"line":6,"column":23},"end":{"line":11,"column":2}},"4":{"start":{"line":13,"column":0},"end":{"line":33,"column":null}},"5":{"start":{"line":18,"column":2},"end":{"line":18,"column":79}},"6":{"start":{"line":22,"column":2},"end":{"line":22,"column":28}},"7":{"start":{"line":27,"column":2},"end":{"line":27,"column":29}},"8":{"start":{"line":31,"column":2},"end":{"line":31,"column":28}},"9":{"start":{"line":14,"column":6},"end":{"line":33,"column":null}},"10":{"start":{"line":35,"column":9},"end":{"line":35,"column":22}}},"fnMap":{"0":{"name":"(anonymous_2)","decl":{"start":{"line":17,"column":1},"end":{"line":17,"column":null}},"loc":{"start":{"line":17,"column":1},"end":{"line":19,"column":2}}},"1":{"name":"(anonymous_3)","decl":{"start":{"line":21,"column":1},"end":{"line":21,"column":4}},"loc":{"start":{"line":21,"column":23},"end":{"line":23,"column":2}}},"2":{"name":"(anonymous_4)","decl":{"start":{"line":25,"column":1},"end":{"line":25,"column":6}},"loc":{"start":{"line":25,"column":25},"end":{"line":28,"column":2}}},"3":{"name":"(anonymous_5)","decl":{"start":{"line":30,"column":1},"end":{"line":30,"column":5}},"loc":{"start":{"line":30,"column":24},"end":{"line":32,"column":2}}}},"branchMap":{},"s":{"0":1,"1":1,"2":1,"3":1,"4":1,"5":1,"6":7,"7":4,"8":0,"9":1,"10":1},"f":{"0":1,"1":7,"2":4,"3":0},"b":{}}
,"/Users/mac/Desktop/dashboard-api/src/users/user.entity.ts": {"path":"/Users/mac/Desktop/dashboard-api/src/users/user.entity.ts","statementMap":{"0":{"start":{"line":1,"column":0},"end":{"line":1,"column":41}},"1":{"start":{"line":7,"column":19},"end":{"line":7,"column":33}},"2":{"start":{"line":8,"column":19},"end":{"line":8,"column":32}},"3":{"start":{"line":11,"column":2},"end":{"line":13,"column":null}},"4":{"start":{"line":12,"column":3},"end":{"line":12,"column":33}},"5":{"start":{"line":17,"column":2},"end":{"line":17,"column":21}},"6":{"start":{"line":21,"column":2},"end":{"line":21,"column":20}},"7":{"start":{"line":25,"column":2},"end":{"line":25,"column":24}},"8":{"start":{"line":29,"column":2},"end":{"line":29,"column":42}},"9":{"start":{"line":33,"column":2},"end":{"line":33,"column":43}},"10":{"start":{"line":37,"column":9},"end":{"line":37,"column":13}}},"fnMap":{"0":{"name":"(anonymous_7)","decl":{"start":{"line":6,"column":1},"end":{"line":6,"column":null}},"loc":{"start":{"line":9,"column":23},"end":{"line":14,"column":2}}},"1":{"name":"(anonymous_8)","decl":{"start":{"line":16,"column":1},"end":{"line":16,"column":5}},"loc":{"start":{"line":16,"column":10},"end":{"line":18,"column":2}}},"2":{"name":"(anonymous_9)","decl":{"start":{"line":20,"column":1},"end":{"line":20,"column":5}},"loc":{"start":{"line":20,"column":9},"end":{"line":22,"column":2}}},"3":{"name":"(anonymous_10)","decl":{"start":{"line":24,"column":1},"end":{"line":24,"column":5}},"loc":{"start":{"line":24,"column":13},"end":{"line":26,"column":2}}},"4":{"name":"(anonymous_11)","decl":{"start":{"line":28,"column":14},"end":{"line":28,"column":25}},"loc":{"start":{"line":28,"column":52},"end":{"line":30,"column":null}}},"5":{"name":"(anonymous_13)","decl":{"start":{"line":32,"column":14},"end":{"line":32,"column":29}},"loc":{"start":{"line":32,"column":46},"end":{"line":34,"column":null}}}},"branchMap":{"0":{"loc":{"start":{"line":11,"column":2},"end":{"line":13,"column":null}},"type":"if","locations":[{"start":{"line":11,"column":2},"end":{"line":13,"column":null}}]}},"s":{"0":1,"1":3,"2":3,"3":3,"4":2,"5":0,"6":0,"7":0,"8":1,"9":2,"10":1},"f":{"0":3,"1":0,"2":0,"3":0,"4":1,"5":2},"b":{"0":[2]}}
,"/Users/mac/Desktop/dashboard-api/src/users/users.controller.ts": {"path":"/Users/mac/Desktop/dashboard-api/src/users/users.controller.ts","statementMap":{"0":{"start":{"line":2,"column":0},"end":{"line":2,"column":59}},"1":{"start":{"line":3,"column":0},"end":{"line":3,"column":55}},"2":{"start":{"line":5,"column":0},"end":{"line":5,"column":47}},"3":{"start":{"line":7,"column":0},"end":{"line":7,"column":33}},"4":{"start":{"line":8,"column":0},"end":{"line":8,"column":26}},"5":{"start":{"line":9,"column":0},"end":{"line":9,"column":52}},"6":{"start":{"line":10,"column":0},"end":{"line":10,"column":58}},"7":{"start":{"line":11,"column":0},"end":{"line":11,"column":67}},"8":{"start":{"line":12,"column":0},"end":{"line":12,"column":36}},"9":{"start":{"line":15,"column":0},"end":{"line":15,"column":59}},"10":{"start":{"line":17,"column":0},"end":{"line":105,"column":null}},"11":{"start":{"line":24,"column":2},"end":{"line":24,"column":23}},"12":{"start":{"line":20,"column":33},"end":{"line":20,"column":55}},"13":{"start":{"line":21,"column":37},"end":{"line":21,"column":62}},"14":{"start":{"line":22,"column":39},"end":{"line":22,"column":68}},"15":{"start":{"line":26,"column":2},"end":{"line":45,"column":5}},"16":{"start":{"line":53,"column":17},"end":{"line":53,"column":62}},"17":{"start":{"line":54,"column":2},"end":{"line":59,"column":null}},"18":{"start":{"line":55,"column":3},"end":{"line":55,"column":63}},"19":{"start":{"line":57,"column":15},"end":{"line":57,"column":83}},"20":{"start":{"line":58,"column":3},"end":{"line":58,"column":25}},"21":{"start":{"line":67,"column":17},"end":{"line":67,"column":60}},"22":{"start":{"line":68,"column":2},"end":{"line":72,"column":null}},"23":{"start":{"line":69,"column":3},"end":{"line":69,"column":75}},"24":{"start":{"line":71,"column":3},"end":{"line":71,"column":56}},"25":{"start":{"line":76,"column":2},"end":{"line":81,"column":null}},"26":{"start":{"line":77,"column":20},"end":{"line":77,"column":57}},"27":{"start":{"line":78,"column":3},"end":{"line":78,"column":62}},"28":{"start":{"line":80,"column":3},"end":{"line":80,"column":70}},"29":{"start":{"line":85,"column":2},"end":{"line":103,"column":5}},"30":{"start":{"line":86,"column":3},"end":{"line":102,"column":5}},"31":{"start":{"line":96,"column":5},"end":{"line":100,"column":null}},"32":{"start":{"line":97,"column":6},"end":{"line":97,"column":18}},"33":{"start":{"line":99,"column":6},"end":{"line":99,"column":31}},"34":{"start":{"line":18,"column":6},"end":{"line":105,"column":null}},"35":{"start":{"line":107,"column":9},"end":{"line":107,"column":23}}},"fnMap":{"0":{"name":"(anonymous_11)","decl":{"start":{"line":19,"column":1},"end":{"line":19,"column":null}},"loc":{"start":{"line":22,"column":68},"end":{"line":46,"column":2}}},"1":{"name":"(anonymous_12)","decl":{"start":{"line":48,"column":7},"end":{"line":48,"column":12}},"loc":{"start":{"line":51,"column":20},"end":{"line":60,"column":null}}},"2":{"name":"(anonymous_14)","decl":{"start":{"line":62,"column":7},"end":{"line":62,"column":15}},"loc":{"start":{"line":65,"column":20},"end":{"line":73,"column":null}}},"3":{"name":"(anonymous_16)","decl":{"start":{"line":75,"column":7},"end":{"line":75,"column":11}},"loc":{"start":{"line":75,"column":64},"end":{"line":82,"column":null}}},"4":{"name":"(anonymous_18)","decl":{"start":{"line":84,"column":9},"end":{"line":84,"column":16}},"loc":{"start":{"line":84,"column":46},"end":{"line":104,"column":2}}},"5":{"name":"(anonymous_19)","decl":{"start":{"line":85,"column":21},"end":{"line":85,"column":22}},"loc":{"start":{"line":85,"column":41},"end":{"line":103,"column":3}}},"6":{"name":"(anonymous_20)","decl":{"start":{"line":95,"column":4},"end":{"line":95,"column":5}},"loc":{"start":{"line":95,"column":19},"end":{"line":101,"column":5}}}},"branchMap":{"0":{"loc":{"start":{"line":54,"column":2},"end":{"line":59,"column":null}},"type":"if","locations":[{"start":{"line":54,"column":2},"end":{"line":59,"column":null}},{"start":{"line":56,"column":9},"end":{"line":59,"column":null}}]},"1":{"loc":{"start":{"line":68,"column":2},"end":{"line":72,"column":null}},"type":"if","locations":[{"start":{"line":68,"column":2},"end":{"line":72,"column":null}},{"start":{"line":70,"column":9},"end":{"line":72,"column":null}}]},"2":{"loc":{"start":{"line":76,"column":2},"end":{"line":81,"column":null}},"type":"if","locations":[{"start":{"line":76,"column":2},"end":{"line":81,"column":null}},{"start":{"line":79,"column":9},"end":{"line":81,"column":null}}]},"3":{"loc":{"start":{"line":78,"column":25},"end":{"line":78,"column":40}},"type":"cond-expr","locations":[{"start":{"line":78,"column":33},"end":{"line":78,"column":35}},{"start":{"line":78,"column":25},"end":{"line":78,"column":40}}]},"4":{"loc":{"start":{"line":78,"column":25},"end":{"line":78,"column":35}},"type":"binary-expr","locations":[{"start":{"line":78,"column":25},"end":{"line":78,"column":35}},{"start":{"line":78,"column":25},"end":{"line":78,"column":35}}]},"5":{"loc":{"start":{"line":78,"column":46},"end":{"line":78,"column":58}},"type":"cond-expr","locations":[{"start":{"line":78,"column":54},"end":{"line":78,"column":56}},{"start":{"line":78,"column":46},"end":{"line":78,"column":58}}]},"6":{"loc":{"start":{"line":78,"column":46},"end":{"line":78,"column":56}},"type":"binary-expr","locations":[{"start":{"line":78,"column":46},"end":{"line":78,"column":56}},{"start":{"line":78,"column":46},"end":{"line":78,"column":56}}]},"7":{"loc":{"start":{"line":96,"column":5},"end":{"line":100,"column":null}},"type":"if","locations":[{"start":{"line":96,"column":5},"end":{"line":100,"column":null}},{"start":{"line":98,"column":12},"end":{"line":100,"column":null}}]}},"s":{"0":1,"1":1,"2":1,"3":1,"4":1,"5":1,"6":1,"7":1,"8":1,"9":1,"10":1,"11":1,"12":1,"13":1,"14":1,"15":1,"16":4,"17":4,"18":2,"19":2,"20":2,"21":1,"22":1,"23":1,"24":0,"25":1,"26":1,"27":1,"28":0,"29":2,"30":2,"31":2,"32":0,"33":2,"34":1,"35":1},"f":{"0":1,"1":4,"2":1,"3":1,"4":2,"5":2,"6":2},"b":{"0":[2,2],"1":[1,0],"2":[1,0],"3":[0,1],"4":[1,1],"5":[0,1],"6":[1,1],"7":[0,2]}}
,"/Users/mac/Desktop/dashboard-api/src/users/users.repository.ts": {"path":"/Users/mac/Desktop/dashboard-api/src/users/users.repository.ts","statementMap":{"0":{"start":{"line":3,"column":0},"end":{"line":3,"column":47}},"1":{"start":{"line":4,"column":0},"end":{"line":4,"column":33}},"2":{"start":{"line":5,"column":0},"end":{"line":5,"column":59}},"3":{"start":{"line":8,"column":0},"end":{"line":29,"column":null}},"4":{"start":{"line":10,"column":50},"end":{"line":10,"column":65}},"5":{"start":{"line":13,"column":2},"end":{"line":19,"column":5}},"6":{"start":{"line":23,"column":2},"end":{"line":27,"column":5}},"7":{"start":{"line":9,"column":6},"end":{"line":29,"column":null}},"8":{"start":{"line":31,"column":9},"end":{"line":31,"column":24}}},"fnMap":{"0":{"name":"(anonymous_11)","decl":{"start":{"line":10,"column":1},"end":{"line":10,"column":14}},"loc":{"start":{"line":10,"column":78},"end":{"line":10,"column":82}}},"1":{"name":"(anonymous_12)","decl":{"start":{"line":12,"column":7},"end":{"line":12,"column":13}},"loc":{"start":{"line":12,"column":45},"end":{"line":20,"column":null}}},"2":{"name":"(anonymous_14)","decl":{"start":{"line":22,"column":7},"end":{"line":22,"column":11}},"loc":{"start":{"line":22,"column":25},"end":{"line":28,"column":null}}}},"branchMap":{},"s":{"0":1,"1":1,"2":1,"3":1,"4":1,"5":0,"6":6,"7":1,"8":1},"f":{"0":1,"1":0,"2":6},"b":{}}
,"/Users/mac/Desktop/dashboard-api/src/users/users.service.ts": {"path":"/Users/mac/Desktop/dashboard-api/src/users/users.service.ts","statementMap":{"0":{"start":{"line":1,"column":0},"end":{"line":1,"column":47}},"1":{"start":{"line":3,"column":0},"end":{"line":3,"column":37}},"2":{"start":{"line":6,"column":0},"end":{"line":6,"column":33}},"3":{"start":{"line":11,"column":0},"end":{"line":42,"column":null}},"4":{"start":{"line":14,"column":39},"end":{"line":14,"column":68}},"5":{"start":{"line":15,"column":41},"end":{"line":15,"column":74}},"6":{"start":{"line":18,"column":18},"end":{"line":18,"column":39}},"7":{"start":{"line":19,"column":15},"end":{"line":19,"column":45}},"8":{"start":{"line":20,"column":2},"end":{"line":20,"column":52}},"9":{"start":{"line":21,"column":20},"end":{"line":21,"column":58}},"10":{"start":{"line":22,"column":2},"end":{"line":26,"column":null}},"11":{"start":{"line":23,"column":3},"end":{"line":23,"column":15}},"12":{"start":{"line":25,"column":3},"end":{"line":25,"column":47}},"13":{"start":{"line":30,"column":20},"end":{"line":30,"column":58}},"14":{"start":{"line":31,"column":2},"end":{"line":36,"column":null}},"15":{"start":{"line":32,"column":19},"end":{"line":32,"column":80}},"16":{"start":{"line":33,"column":3},"end":{"line":33,"column":44}},"17":{"start":{"line":35,"column":3},"end":{"line":35,"column":16}},"18":{"start":{"line":40,"column":2},"end":{"line":40,"column":42}},"19":{"start":{"line":12,"column":6},"end":{"line":42,"column":null}},"20":{"start":{"line":44,"column":9},"end":{"line":44,"column":20}}},"fnMap":{"0":{"name":"(anonymous_11)","decl":{"start":{"line":13,"column":1},"end":{"line":13,"column":null}},"loc":{"start":{"line":15,"column":74},"end":{"line":16,"column":5}}},"1":{"name":"(anonymous_12)","decl":{"start":{"line":17,"column":7},"end":{"line":17,"column":17}},"loc":{"start":{"line":17,"column":60},"end":{"line":27,"column":null}}},"2":{"name":"(anonymous_14)","decl":{"start":{"line":29,"column":7},"end":{"line":29,"column":19}},"loc":{"start":{"line":29,"column":53},"end":{"line":37,"column":null}}},"3":{"name":"(anonymous_16)","decl":{"start":{"line":39,"column":7},"end":{"line":39,"column":15}},"loc":{"start":{"line":39,"column":29},"end":{"line":41,"column":null}}}},"branchMap":{"0":{"loc":{"start":{"line":22,"column":2},"end":{"line":26,"column":null}},"type":"if","locations":[{"start":{"line":22,"column":2},"end":{"line":26,"column":null}},{"start":{"line":24,"column":9},"end":{"line":26,"column":null}}]},"1":{"loc":{"start":{"line":31,"column":2},"end":{"line":36,"column":null}},"type":"if","locations":[{"start":{"line":31,"column":2},"end":{"line":36,"column":null}},{"start":{"line":34,"column":9},"end":{"line":36,"column":null}}]}},"s":{"0":1,"1":1,"2":1,"3":1,"4":1,"5":1,"6":1,"7":1,"8":1,"9":1,"10":1,"11":1,"12":0,"13":4,"14":4,"15":2,"16":2,"17":2,"18":1,"19":1,"20":1},"f":{"0":1,"1":1,"2":4,"3":1},"b":{"0":[1,0],"1":[2,2]}}
,"/Users/mac/Desktop/dashboard-api/src/users/dto/user-login.dto.ts": {"path":"/Users/mac/Desktop/dashboard-api/src/users/dto/user-login.dto.ts","statementMap":{"0":{"start":{"line":1,"column":0},"end":{"line":1,"column":52}},"1":{"start":{"line":5,"column":1},"end":{"line":5,"column":null}},"2":{"start":{"line":8,"column":1},"end":{"line":8,"column":null}},"3":{"start":{"line":3,"column":0},"end":{"line":3,"column":13}}},"fnMap":{},"branchMap":{},"s":{"0":1,"1":1,"2":1,"3":1},"f":{},"b":{}}
,"/Users/mac/Desktop/dashboard-api/src/users/dto/user-register.dto.ts": {"path":"/Users/mac/Desktop/dashboard-api/src/users/dto/user-register.dto.ts","statementMap":{"0":{"start":{"line":1,"column":0},"end":{"line":1,"column":52}},"1":{"start":{"line":5,"column":1},"end":{"line":5,"column":null}},"2":{"start":{"line":8,"column":1},"end":{"line":8,"column":null}},"3":{"start":{"line":11,"column":1},"end":{"line":11,"column":null}},"4":{"start":{"line":3,"column":0},"end":{"line":3,"column":13}}},"fnMap":{},"branchMap":{},"s":{"0":1,"1":1,"2":1,"3":1,"4":1},"f":{},"b":{}}
}
