TN:
SF:src/app.ts
FN:21,(anonymous_12)
FN:32,(anonymous_13)
FN:38,(anonymous_14)
FN:42,(anonymous_15)
FN:47,(anonymous_16)
FN:56,(anonymous_18)
FNF:6
FNH:6
FNDA:1,(anonymous_12)
FNDA:1,(anonymous_13)
FNDA:1,(anonymous_14)
FNDA:1,(anonymous_15)
FNDA:1,(anonymous_16)
FNDA:1,(anonymous_18)
DA:1,1
DA:3,1
DA:5,1
DA:6,1
DA:7,1
DA:8,1
DA:11,1
DA:12,1
DA:15,1
DA:16,1
DA:22,1
DA:23,1
DA:24,1
DA:25,1
DA:26,1
DA:28,1
DA:29,1
DA:33,1
DA:34,1
DA:35,1
DA:39,1
DA:43,1
DA:44,1
DA:48,1
DA:49,1
DA:50,1
DA:51,1
DA:52,1
DA:53,1
DA:57,1
DA:61,1
LF:31
LH:31
BRF:0
BRH:0
end_of_record
TN:
SF:src/main.ts
FN:25,(anonymous_7)
FN:36,bootstrap
FNF:2
FNH:2
FNDA:1,(anonymous_7)
FNDA:1,bootstrap
DA:1,1
DA:2,1
DA:3,1
DA:4,1
DA:5,1
DA:9,1
DA:10,1
DA:12,1
DA:14,1
DA:15,1
DA:17,1
DA:25,1
DA:26,1
DA:27,1
DA:28,1
DA:29,1
DA:30,1
DA:31,1
DA:32,1
DA:33,1
DA:37,1
DA:38,1
DA:39,1
DA:40,1
DA:41,1
DA:44,1
LF:26
LH:26
BRF:0
BRH:0
end_of_record
TN:
SF:src/types.ts
FNF:0
FNH:0
DA:1,1
DA:12,1
LF:2
LH:2
BRF:0
BRH:0
end_of_record
TN:
SF:src/common/auth.guard.ts
FN:6,(anonymous_0)
FNF:1
FNH:1
FNDA:2,(anonymous_0)
DA:1,1
DA:7,2
DA:8,1
DA:10,1
DA:15,1
LF:5
LH:5
BRDA:7,0,0,1
BRDA:7,0,1,1
BRF:2
BRH:2
end_of_record
TN:
SF:src/common/auth.middleware.ts
FN:6,(anonymous_0)
FN:8,(anonymous_1)
FN:10,(anonymous_2)
FNF:3
FNH:3
FNDA:1,(anonymous_0)
FNDA:7,(anonymous_1)
FNDA:2,(anonymous_2)
DA:3,1
DA:6,1
DA:9,7
DA:10,2
DA:11,2
DA:12,1
DA:13,1
DA:14,1
DA:15,1
DA:16,1
DA:21,5
DA:26,1
LF:12
LH:12
BRDA:9,0,0,2
BRDA:9,0,1,5
BRDA:11,1,0,1
BRDA:11,1,1,1
BRDA:13,2,0,1
BRDA:14,3,0,1
BRF:6
BRH:6
end_of_record
TN:
SF:src/common/base.controller.ts
FN:11,(anonymous_2)
FN:15,(anonymous_3)
FN:19,(anonymous_4)
FN:24,(anonymous_5)
FN:28,(anonymous_6)
FN:32,(anonymous_7)
FN:35,(anonymous_8)
FNF:7
FNH:6
FNDA:1,(anonymous_2)
FNDA:4,(anonymous_3)
FNDA:3,(anonymous_4)
FNDA:3,(anonymous_5)
FNDA:0,(anonymous_6)
FNDA:1,(anonymous_7)
FNDA:3,(anonymous_8)
DA:1,1
DA:4,1
DA:5,1
DA:7,1
DA:8,1
DA:11,1
DA:12,1
DA:16,4
DA:20,3
DA:21,3
DA:25,3
DA:29,0
DA:33,1
DA:34,3
DA:35,3
DA:36,3
DA:37,3
DA:38,3
DA:43,1
LF:19
LH:18
BRDA:35,0,0,0
BRDA:35,0,1,3
BRDA:35,1,0,3
BRDA:35,1,1,3
BRDA:37,2,0,3
BRDA:37,2,1,0
BRF:6
BRH:4
end_of_record
TN:
SF:src/common/validate.middleware.ts
FN:7,(anonymous_0)
FN:9,(anonymous_1)
FN:11,(anonymous_2)
FNF:3
FNH:3
FNDA:2,(anonymous_0)
FNDA:5,(anonymous_1)
FNDA:5,(anonymous_2)
DA:3,1
DA:4,1
DA:7,2
DA:10,5
DA:11,5
DA:12,5
DA:13,0
DA:15,5
DA:21,1
LF:9
LH:8
BRDA:12,0,0,0
BRDA:12,0,1,5
BRF:2
BRH:1
end_of_record
TN:
SF:src/config/config.service.ts
FN:10,(anonymous_4)
FN:20,(anonymous_5)
FNF:2
FNH:2
FNDA:1,(anonymous_4)
FNDA:4,(anonymous_5)
DA:1,1
DA:3,1
DA:4,1
DA:7,1
DA:8,1
DA:10,1
DA:11,1
DA:12,1
DA:13,0
DA:15,1
DA:16,1
DA:21,4
DA:25,1
LF:13
LH:12
BRDA:12,0,0,0
BRDA:12,0,1,1
BRF:2
BRH:1
end_of_record
TN:
SF:src/database/prisma.service.ts
FN:10,(anonymous_11)
FN:14,(anonymous_12)
FN:25,(anonymous_14)
FNF:3
FNH:2
FNDA:1,(anonymous_11)
FNDA:1,(anonymous_12)
FNDA:0,(anonymous_14)
DA:1,1
DA:2,1
DA:3,1
DA:6,1
DA:7,1
DA:10,1
DA:11,1
DA:15,1
DA:16,1
DA:17,1
DA:19,0
DA:20,0
DA:26,0
DA:30,1
LF:14
LH:11
BRDA:19,0,0,0
BRF:1
BRH:0
end_of_record
TN:
SF:src/errors/exception.filter.ts
FN:11,(anonymous_4)
FN:13,(anonymous_5)
FNF:2
FNH:2
FNDA:1,(anonymous_4)
FNDA:4,(anonymous_5)
DA:3,1
DA:4,1
DA:6,1
DA:7,1
DA:9,1
DA:10,1
DA:11,1
DA:14,4
DA:15,4
DA:16,4
DA:18,0
DA:19,0
DA:24,1
LF:13
LH:11
BRDA:14,0,0,4
BRDA:14,0,1,0
BRF:2
BRH:1
end_of_record
TN:
SF:src/errors/http-error.class.ts
FN:5,(anonymous_0)
FNF:1
FNH:1
FNDA:4,(anonymous_0)
DA:6,4
DA:7,4
DA:8,4
DA:9,4
DA:13,1
LF:5
LH:5
BRF:0
BRH:0
end_of_record
TN:
SF:src/logger/logger.service.ts
FN:17,(anonymous_2)
FN:21,(anonymous_3)
FN:25,(anonymous_4)
FN:30,(anonymous_5)
FNF:4
FNH:3
FNDA:1,(anonymous_2)
FNDA:7,(anonymous_3)
FNDA:4,(anonymous_4)
FNDA:0,(anonymous_5)
DA:1,1
DA:3,1
DA:4,1
DA:6,1
DA:13,1
DA:14,1
DA:18,1
DA:22,7
DA:27,4
DA:31,0
DA:35,1
LF:11
LH:10
BRF:0
BRH:0
end_of_record
TN:
SF:src/users/user.entity.ts
FN:6,(anonymous_7)
FN:16,(anonymous_8)
FN:20,(anonymous_9)
FN:24,(anonymous_10)
FN:28,(anonymous_11)
FN:32,(anonymous_13)
FNF:6
FNH:3
FNDA:3,(anonymous_7)
FNDA:0,(anonymous_8)
FNDA:0,(anonymous_9)
FNDA:0,(anonymous_10)
FNDA:1,(anonymous_11)
FNDA:2,(anonymous_13)
DA:1,1
DA:7,3
DA:8,3
DA:11,3
DA:12,2
DA:17,0
DA:21,0
DA:25,0
DA:29,1
DA:33,2
DA:37,1
LF:11
LH:8
BRDA:11,0,0,2
BRF:1
BRH:1
end_of_record
TN:
SF:src/users/users.controller.ts
FN:19,(anonymous_11)
FN:48,(anonymous_12)
FN:62,(anonymous_14)
FN:75,(anonymous_16)
FN:84,(anonymous_18)
FN:85,(anonymous_19)
FN:95,(anonymous_20)
FNF:7
FNH:7
FNDA:1,(anonymous_11)
FNDA:4,(anonymous_12)
FNDA:1,(anonymous_14)
FNDA:1,(anonymous_16)
FNDA:2,(anonymous_18)
FNDA:2,(anonymous_19)
FNDA:2,(anonymous_20)
DA:2,1
DA:3,1
DA:5,1
DA:7,1
DA:8,1
DA:9,1
DA:10,1
DA:11,1
DA:12,1
DA:15,1
DA:17,1
DA:18,1
DA:20,1
DA:21,1
DA:22,1
DA:24,1
DA:26,1
DA:53,4
DA:54,4
DA:55,2
DA:57,2
DA:58,2
DA:67,1
DA:68,1
DA:69,1
DA:71,0
DA:76,1
DA:77,1
DA:78,1
DA:80,0
DA:85,2
DA:86,2
DA:96,2
DA:97,0
DA:99,2
DA:107,1
LF:36
LH:33
BRDA:54,0,0,2
BRDA:54,0,1,2
BRDA:68,1,0,1
BRDA:68,1,1,0
BRDA:76,2,0,1
BRDA:76,2,1,0
BRDA:78,3,0,0
BRDA:78,3,1,1
BRDA:78,4,0,1
BRDA:78,4,1,1
BRDA:78,5,0,0
BRDA:78,5,1,1
BRDA:78,6,0,1
BRDA:78,6,1,1
BRDA:96,7,0,0
BRDA:96,7,1,2
BRF:16
BRH:11
end_of_record
TN:
SF:src/users/users.repository.ts
FN:10,(anonymous_11)
FN:12,(anonymous_12)
FN:22,(anonymous_14)
FNF:3
FNH:2
FNDA:1,(anonymous_11)
FNDA:0,(anonymous_12)
FNDA:6,(anonymous_14)
DA:3,1
DA:4,1
DA:5,1
DA:8,1
DA:9,1
DA:10,1
DA:13,0
DA:23,6
DA:31,1
LF:9
LH:8
BRF:0
BRH:0
end_of_record
TN:
SF:src/users/users.service.ts
FN:13,(anonymous_11)
FN:17,(anonymous_12)
FN:29,(anonymous_14)
FN:39,(anonymous_16)
FNF:4
FNH:4
FNDA:1,(anonymous_11)
FNDA:1,(anonymous_12)
FNDA:4,(anonymous_14)
FNDA:1,(anonymous_16)
DA:1,1
DA:3,1
DA:6,1
DA:11,1
DA:12,1
DA:14,1
DA:15,1
DA:18,1
DA:19,1
DA:20,1
DA:21,1
DA:22,1
DA:23,1
DA:25,0
DA:30,4
DA:31,4
DA:32,2
DA:33,2
DA:35,2
DA:40,1
DA:44,1
LF:21
LH:20
BRDA:22,0,0,1
BRDA:22,0,1,0
BRDA:31,1,0,2
BRDA:31,1,1,2
BRF:4
BRH:3
end_of_record
TN:
SF:src/users/dto/user-login.dto.ts
FNF:0
FNH:0
DA:1,1
DA:3,1
DA:5,1
DA:8,1
LF:4
LH:4
BRF:0
BRH:0
end_of_record
TN:
SF:src/users/dto/user-register.dto.ts
FNF:0
FNH:0
DA:1,1
DA:3,1
DA:5,1
DA:8,1
DA:11,1
LF:5
LH:5
BRF:0
BRH:0
end_of_record
